2024-12-04 12:00:44,438 - INFO - Starting the update process.
2024-12-04 12:00:45,682 - INFO - Data saved to ../GameRecommendation/Data/IDList/BaseList/steam_game_list_new.json
2024-12-04 12:00:45,869 - INFO - Data saved to ../GameRecommendation/Data/IDList/steam_game_list_to_update.json
2024-12-04 12:00:45,871 - INFO - Removed old base file: ../GameRecommendation/Data/IDList/BaseList/steam_game_list_base.json
2024-12-04 12:00:45,872 - INFO - Updated base file: ../GameRecommendation/Data/IDList/BaseList/steam_game_list_base.json
2024-12-04 12:00:45,888 - INFO - Updated timestamp of the last database update with new games information.
2024-12-04 12:00:45,888 - INFO - ------------End of update------------

2025-01-02 17:39:08,315 - INFO - Starting the update process.
2025-01-02 17:39:09,526 - INFO - Data saved to ../GameRecommendation/Data/BaseList/steam_game_list_new.json
2025-01-02 17:39:10,000 - INFO - Data saved to ../GameRecommendation/Data/DownloadList/steam_game_list_to_update.json
2025-01-02 17:39:10,001 - INFO - Removed old base file: ../GameRecommendation/Data/BaseList/steam_game_list_base.json
2025-01-02 17:39:10,001 - INFO - Updated base file: ../GameRecommendation/Data/BaseList/steam_game_list_base.json
2025-01-02 17:39:10,026 - INFO - Updated timestamp of the last database update with new games information.
2025-01-02 17:39:10,026 - INFO - ------------End of update------------

2025-01-02 19:12:42,834 - INFO - Starting the update process.
2025-01-02 19:12:44,065 - INFO - Data saved to ../GameRecommendation/Data/BaseList/steam_game_list_new.json
2025-01-02 19:12:44,382 - INFO - Data saved to ../GameRecommendation/Data/DownloadList/steam_game_list_to_update.json
2025-01-02 19:12:44,385 - INFO - Removed old base file: ../GameRecommendation/Data/BaseList/steam_game_list_base.json
2025-01-02 19:12:44,386 - INFO - Updated base file: ../GameRecommendation/Data/BaseList/steam_game_list_base.json
2025-01-02 19:12:44,386 - INFO - Updated timestamp of the last database update with new games information.
2025-01-02 19:12:44,386 - INFO - ------------End of update------------

2025-01-02 19:20:27,903 - INFO - Starting the update process.
2025-01-02 19:20:29,129 - INFO - Data saved to ../GameRecommendation/Data/BaseList/steam_game_list_new.json
2025-01-02 19:20:29,284 - INFO - No missing games found. Database is up to date.
2025-01-02 19:22:40,587 - INFO - Starting the update process.
2025-01-02 19:22:41,755 - INFO - Data saved to ../GameRecommendation/Data/BaseList/steam_game_list_new.json
2025-01-02 19:22:42,264 - INFO - Data saved to ../GameRecommendation/Data/DownloadList/steam_game_list_to_update.json
2025-01-02 19:22:42,266 - INFO - Removed old base file: ../GameRecommendation/Data/BaseList/steam_game_list_base.json
2025-01-02 19:22:42,267 - INFO - Updated base file: ../GameRecommendation/Data/BaseList/steam_game_list_base.json
2025-01-02 19:22:42,267 - INFO - Updated timestamp of the last database update with new games information.
2025-01-02 19:22:42,267 - INFO - ------------End of update------------

2025-01-02 19:24:55,392 - INFO - Starting the update process.
2025-01-02 19:24:56,681 - INFO - Data saved to ../GameRecommendation/Data/BaseList/steam_game_list_new.json
2025-01-02 19:24:56,838 - INFO - No missing games found. Database is up to date.
2025-01-02 19:30:41,175 - INFO - Starting the update process.
2025-01-02 19:30:42,351 - INFO - Data saved to ../GameRecommendation/Data/BaseList/steam_game_list_new.json
2025-01-02 19:30:42,499 - INFO - No missing games found. Database is up to date.
2025-01-02 19:32:29,325 - INFO - Starting the update process.
2025-01-02 19:32:30,513 - INFO - Data saved to ../GameRecommendation/Data/BaseList/steam_game_list_new.json
2025-01-02 19:32:30,657 - INFO - No missing games found. Database is up to date.
