2024-10-15 09:57:52,309 - INFO - Przetworzono grê: Alice - Behind the Mirror (app_id: 835700)
2024-10-15 09:57:54,428 - INFO - Przetworzono grê: Tactics Maiden Remastered (app_id: 835710)
2024-10-15 09:57:56,517 - INFO - Przetworzono grê: 2260 VR (app_id: 835720)
2024-10-15 09:57:58,607 - INFO - Obiekt nie jest gr¹: app_id: 835730
2024-10-15 09:58:00,522 - INFO - Przetworzono grê: HyperFighter Boost Mode ON (app_id: 835740)
2024-10-15 09:58:02,612 - INFO - Obiekt nie jest gr¹: app_id: 835750
2024-10-15 09:58:04,520 - INFO - Przetworzono grê: Tony Slopes™ (app_id: 835770)
2024-10-15 09:58:06,662 - INFO - Obiekt nie jest gr¹: app_id: 835780
2024-10-15 09:58:08,592 - INFO - Przetworzono grê: Datascape (app_id: 835790)
2024-10-15 09:58:10,719 - INFO - Przetworzono grê: Flailure (app_id: 835800)
2024-10-15 09:58:12,803 - INFO - Obiekt nie jest gr¹: app_id: 835830
2024-10-15 09:58:14,767 - INFO - Przetworzono grê: La-Mulana 2 (app_id: 835430)
2024-10-15 09:58:17,005 - INFO - Przetworzono grê: Naturallandscape - Grand Canyon (\u81ea\u7136\u666f\u89c2\u7cfb\u5217-\u7f8e\u56fd\u5927\u5ce1\u8c37) (app_id: 835440)
2024-10-15 09:58:19,179 - INFO - Przetworzono grê: Neon Force Pushers (app_id: 835450)
2024-10-15 09:58:21,285 - INFO - Obiekt nie jest gr¹: app_id: 835460
2024-10-15 09:58:23,191 - INFO - Obiekt nie jest gr¹: app_id: 835470
2024-10-15 09:58:25,077 - INFO - Obiekt nie jest gr¹: app_id: 835471
2024-10-15 09:58:27,044 - INFO - Obiekt nie jest gr¹: app_id: 835480
2024-10-15 09:58:28,950 - INFO - Przetworzono grê: Deadly Stigma (app_id: 835490)
2024-10-15 09:58:31,073 - WARNING - Nie uda³o siê pobraæ szczegó³ów dla app_id: 835500
2024-10-15 09:58:33,051 - INFO - Przetworzono grê: Horror Fish Simulator (app_id: 835510)
2024-10-15 09:58:35,151 - INFO - Przetworzono grê: Dodge Show (app_id: 835520)
2024-10-15 09:58:37,360 - INFO - Przetworzono grê: \u9b54\u7269\u5a18\u7269\u8bed (app_id: 835530)
2024-10-15 09:58:39,550 - INFO - Przetworzono grê: Ancient Rush 2 (app_id: 835560)
2024-10-15 09:58:41,866 - INFO - Obiekt nie jest gr¹: app_id: 835580
2024-10-15 09:58:43,846 - INFO - Obiekt nie jest gr¹: app_id: 835280
2024-10-15 09:58:45,782 - INFO - Przetworzono grê: America's Retribution (app_id: 835110)
2024-10-15 09:58:48,060 - INFO - Przetworzono grê: Last Stanza (app_id: 835130)
2024-10-15 09:58:50,242 - INFO - Obiekt nie jest gr¹: app_id: 835140
2024-10-15 09:58:52,366 - INFO - Przetworzono grê: \u7f8e\u5c11\u5973\u590f\u65e5\u6b22\u4e50! (app_id: 835040)
2024-10-15 09:58:55,043 - INFO - Przetworzono grê: Acro FS (app_id: 834880)
2024-10-15 09:58:57,589 - INFO - Przetworzono grê: ATLAS (app_id: 834910)
2024-10-15 09:59:00,252 - INFO - Przetworzono grê: Operation Osama Bin Laden (app_id: 834920)
2024-10-15 09:59:02,819 - INFO - Przetworzono grê: Bishi and the Alien Slime Invasion! (app_id: 834930)
2024-10-15 09:59:05,128 - INFO - Przetworzono grê: Crazy Justice (app_id: 834730)
