2025-01-11 14:54:05,403 - INFO - Processed game: Mechanical Lab (app_id: 2709530)
2025-01-11 14:54:07,391 - INFO - New object successfully inserted into the database.
2025-01-11 14:54:09,314 - INFO - Processed game: Canyons (app_id: 2708860)
2025-01-11 14:54:10,424 - INFO - New object successfully inserted into the database.
2025-01-11 14:54:12,472 - INFO - Processed game: ESCAPE FROM BOYKISSER (app_id: 2708280)
2025-01-11 14:54:13,373 - INFO - New object successfully inserted into the database.
2025-01-11 14:54:15,344 - WARNING - Failed to fetch details or object is not a game: app_id: 2707830
2025-01-11 14:54:17,192 - INFO - Processed game: Heptic Arena (app_id: 2707850)
2025-01-11 14:54:18,095 - INFO - New object successfully inserted into the database.
2025-01-11 14:54:20,274 - INFO - Processed game: Orienteering Simulator (app_id: 2707860)
2025-01-11 14:54:21,370 - INFO - New object successfully inserted into the database.
2025-01-11 14:54:23,231 - INFO - Processed game: night nite (app_id: 2707970)
2025-01-11 14:54:24,570 - INFO - New object successfully inserted into the database.
2025-01-11 14:54:26,507 - INFO - Processed game: Fritz 19 SE (app_id: 2707140)
2025-01-11 14:54:27,338 - INFO - New object successfully inserted into the database.
2025-01-11 14:54:29,282 - INFO - Processed game: Aviators VR (app_id: 2707150)
2025-01-11 14:54:29,855 - INFO - New object successfully inserted into the database.
2025-01-11 14:54:31,836 - INFO - Processed game: Lost Pages: Classic (app_id: 2706880)
2025-01-11 14:54:32,954 - INFO - New object successfully inserted into the database.
2025-01-11 14:54:34,001 - INFO - Stop requested. Finishing current iteration before exiting...
