2024-10-22 16:02:39,211 - INFO - Processed game: Checkmate! (app_id: 917550)
2024-10-22 16:02:40,251 - INFO - Object is not a game: app_id: 917590
2024-10-22 16:02:41,276 - INFO - Processed game: Became The Hunted (app_id: 917600)
2024-10-22 16:02:42,316 - INFO - Object is not a game: app_id: 917630
2024-10-22 16:02:43,375 - INFO - Processed game: Bunny Beats (app_id: 917640)
2024-10-22 16:02:44,457 - INFO - Processed game: Lancelot's Hangover: The Quest for the Holy Booze (app_id: 917380)
2024-10-22 16:02:45,521 - INFO - Object is not a game: app_id: 917390
2024-10-22 16:02:46,612 - INFO - Object is not a game: app_id: 917012
2024-10-22 16:02:47,739 - INFO - Object is not a game: app_id: 917013
2024-10-22 16:02:48,796 - INFO - Object is not a game: app_id: 917014
2024-10-22 16:02:49,871 - INFO - Object is not a game: app_id: 917015
2024-10-22 16:02:50,926 - INFO - Object is not a game: app_id: 917016
2024-10-22 16:02:51,967 - INFO - Object is not a game: app_id: 917017
2024-10-22 16:02:52,999 - INFO - Object is not a game: app_id: 917018
2024-10-22 16:02:54,132 - INFO - Object is not a game: app_id: 917019
2024-10-22 16:02:55,208 - INFO - Processed game: The Con Simulator (app_id: 917020)
2024-10-22 16:02:56,293 - INFO - Object is not a game: app_id: 917030
2024-10-22 16:02:57,348 - INFO - Object is not a game: app_id: 917031
2024-10-22 16:02:58,433 - INFO - Object is not a game: app_id: 917032
2024-10-22 16:02:59,556 - INFO - Object is not a game: app_id: 917033
2024-10-22 16:03:00,730 - INFO - Object is not a game: app_id: 917040
2024-10-22 16:03:01,803 - INFO - Processed game: Find The Balance (app_id: 917050)
2024-10-22 16:03:02,872 - INFO - Object is not a game: app_id: 917080
2024-10-22 16:03:03,990 - INFO - Object is not a game: app_id: 917090
2024-10-22 16:03:05,326 - INFO - Object is not a game: app_id: 917110
2024-10-22 16:03:06,361 - INFO - Processed game: Lily (app_id: 917130)
2024-10-22 16:03:07,476 - INFO - Processed game: Amberial Dreams (app_id: 917140)
2024-10-22 16:03:08,592 - INFO - Processed game: Godhood (app_id: 917150)
2024-10-22 16:03:09,640 - INFO - Object is not a game: app_id: 917170
2024-10-22 16:03:10,747 - INFO - Object is not a game: app_id: 917190
2024-10-22 16:03:11,868 - INFO - Processed game: Kill the Dictator (app_id: 917200)
2024-10-22 16:03:12,950 - WARNING - Failed to fetch details for app_id: 917210
2024-10-22 16:03:14,249 - INFO - Processed game: Trigger Finger (app_id: 917220)
2024-10-22 16:03:15,344 - INFO - Processed game: Heavy Dreams (app_id: 917240)
2024-10-22 16:03:16,485 - INFO - Object is not a game: app_id: 917250
2024-10-22 16:03:17,604 - INFO - Object is not a game: app_id: 917260
2024-10-22 16:03:18,742 - INFO - Processed game: Forbidden Forgiveness (app_id: 917280)
2024-10-22 16:03:19,812 - INFO - Processed game: Duck Souls (app_id: 917290)
2024-10-22 16:03:20,899 - INFO - Object is not a game: app_id: 916690
2024-10-22 16:03:22,031 - INFO - Object is not a game: app_id: 916720
2024-10-22 16:03:23,133 - INFO - Processed game: Gato Roboto (app_id: 916730)
2024-10-22 16:03:24,181 - WARNING - Failed to fetch details for app_id: 916760
2024-10-22 16:03:25,262 - INFO - Object is not a game: app_id: 916771
2024-10-22 16:03:26,339 - INFO - Object is not a game: app_id: 916772
2024-10-22 16:03:27,383 - INFO - Processed game: Groundless (app_id: 916780)
2024-10-22 16:03:28,449 - INFO - Processed game: VR Relaxation Ride (app_id: 916790)
2024-10-22 16:03:29,555 - INFO - Processed game: The Walking Dead: Saints & Sinners (app_id: 916840)
2024-10-22 16:03:30,662 - INFO - Processed game: Puzzle Monarch: Zombie (app_id: 916880)
2024-10-22 16:03:31,838 - INFO - Processed game: Paperbark (app_id: 916900)
2024-10-22 16:03:32,921 - INFO - Processed game: Infommi (app_id: 916910)
2024-10-22 16:03:34,024 - INFO - Object is not a game: app_id: 916920
2024-10-22 16:03:35,158 - INFO - Processed game: War Trigger Classic (app_id: 916930)
2024-10-22 16:03:36,255 - INFO - Processed game: Awesome Pea (app_id: 916950)
2024-10-22 16:03:37,369 - INFO - Processed game: Skelittle: A Giant Party!! (app_id: 916960)
2024-10-22 16:03:38,506 - INFO - Processed game: DUCK CASINO: BULLET (app_id: 916970)
2024-10-22 16:03:39,646 - INFO - Processed game: WORLD  HENTAI (app_id: 917000)
2024-10-22 16:03:40,749 - INFO - Object is not a game: app_id: 917010
2024-10-22 16:03:41,818 - INFO - Object is not a game: app_id: 917011
2024-10-22 16:03:42,906 - INFO - Processed game: Wisentree Spirit (app_id: 916330)
2024-10-22 16:03:44,064 - INFO - Processed game: Blue Time (app_id: 916340)
2024-10-22 16:03:45,246 - INFO - Processed game: Saturnalia (app_id: 916350)
2024-10-22 16:03:46,419 - INFO - Object is not a game: app_id: 916360
2024-10-22 16:03:47,544 - INFO - Object is not a game: app_id: 916361
2024-10-22 16:03:48,700 - INFO - Processed game: Tempo Wizard (app_id: 916370)
2024-10-22 16:03:49,767 - INFO - Processed game: Panco's Journey (app_id: 916380)
2024-10-22 16:03:50,851 - INFO - Processed game: Team Up VR (Beta) (app_id: 916390)
2024-10-22 16:03:51,923 - INFO - Object is not a game: app_id: 916410
2024-10-22 16:03:52,991 - WARNING - Failed to fetch details for app_id: 916420
2024-10-22 16:03:54,206 - WARNING - Failed to fetch details for app_id: 916431
2024-10-22 16:03:55,323 - INFO - Processed game: Anno 1800 (app_id: 916440)
2024-10-22 16:03:56,452 - WARNING - Failed to fetch details for app_id: 916451
2024-10-22 16:03:57,526 - WARNING - Failed to fetch details for app_id: 916452
2024-10-22 16:03:58,719 - INFO - Processed game: Gimel Dimension (app_id: 916470)
2024-10-22 16:03:59,850 - INFO - Processed game: Spoockey (app_id: 916480)
2024-10-22 16:04:00,924 - WARNING - Failed to fetch details for app_id: 916500
2024-10-22 16:04:02,088 - INFO - Processed game: Running Man 3D Part2 (app_id: 916510)
2024-10-22 16:04:03,225 - INFO - Processed game: Fatal Hour: Petroleum (app_id: 916540)
2024-10-22 16:04:04,343 - INFO - Object is not a game: app_id: 916570
2024-10-22 16:04:05,574 - INFO - Processed game: Hentai Puzzle X (app_id: 916580)
2024-10-22 16:04:06,865 - INFO - Object is not a game: app_id: 916590
2024-10-22 16:04:07,956 - INFO - Object is not a game: app_id: 916600
2024-10-22 16:04:09,049 - INFO - Processed game: Double Stretch (app_id: 916630)
2024-10-22 16:04:10,292 - INFO - Processed game: HecatoncheirStory (app_id: 916640)
2024-10-22 16:04:11,403 - INFO - Object is not a game: app_id: 915870
2024-10-22 16:04:12,552 - INFO - Object is not a game: app_id: 915890
2024-10-22 16:04:13,669 - INFO - Processed game: Sparticles (app_id: 915930)
2024-10-22 16:04:14,825 - INFO - Processed game: Gallows Choice (app_id: 915960)
2024-10-22 16:04:15,963 - INFO - Object is not a game: app_id: 915990
2024-10-22 16:04:17,041 - INFO - Object is not a game: app_id: 916000
2024-10-22 16:04:18,183 - INFO - Processed game: Beating A Dead Horse With A One-Trick Pony (app_id: 916010)
2024-10-22 16:04:19,346 - INFO - Processed game: A Summer with the Shiba Inu (app_id: 916030)
2024-10-22 16:04:20,471 - INFO - Processed game: SFD : Rogue TRPG (app_id: 916040)
2024-10-22 16:04:21,860 - INFO - Processed game: Clocker (app_id: 916050)
2024-10-22 16:04:22,972 - INFO - Object is not a game: app_id: 916070
2024-10-22 16:04:24,119 - INFO - Object is not a game: app_id: 916071
2024-10-22 16:04:25,220 - INFO - Processed game: Telefrag VR (app_id: 916100)
2024-10-22 16:04:26,315 - WARNING - Failed to fetch details for app_id: 916110
2024-10-22 16:04:27,471 - INFO - Processed game: Rascals (app_id: 916120)
2024-10-22 16:04:28,618 - INFO - Processed game: Meet the Miner - WDR VR Bergwerk (app_id: 916130)
2024-10-22 16:04:29,778 - INFO - Processed game: The Tale of Bistun (app_id: 916140)
2024-10-22 16:04:30,930 - INFO - Processed game: Here Nya (app_id: 916150)
2024-10-22 16:04:32,141 - INFO - Processed game: Dreamwalker: Never Fall Asleep (app_id: 916160)
2024-10-22 16:04:33,323 - INFO - Object is not a game: app_id: 916170
2024-10-22 16:04:34,446 - INFO - Processed game: Doodle Derby (app_id: 916180)
2024-10-22 16:04:35,595 - INFO - Object is not a game: app_id: 916190
2024-10-22 16:04:36,681 - INFO - Object is not a game: app_id: 916200
2024-10-22 16:04:37,836 - INFO - Processed game: Fabrication (app_id: 916210)
2024-10-22 16:04:38,987 - INFO - Object is not a game: app_id: 916220
2024-10-22 16:04:40,272 - INFO - Processed game: Cyclones Playground (app_id: 916260)
2024-10-22 16:04:41,391 - INFO - Object is not a game: app_id: 916280
2024-10-22 16:04:42,512 - INFO - Processed game: Crime Girl (app_id: 916290)
2024-10-22 16:04:43,764 - WARNING - Failed to fetch details for app_id: 916300
2024-10-22 16:04:44,906 - INFO - Processed game: Fair Deal: Las Vegas (app_id: 916320)
2024-10-22 16:04:46,096 - INFO - Processed game: Fireflies (app_id: 915440)
2024-10-22 16:04:47,247 - INFO - Processed game: ULTIMATE HARDBASS DEFENCE (app_id: 915460)
2024-10-22 16:04:48,355 - INFO - Processed game: Pottis Dream Forge (app_id: 915480)
2024-10-22 16:04:49,539 - INFO - Processed game: Frontline Zed (app_id: 915490)
2024-10-22 16:04:50,825 - INFO - Object is not a game: app_id: 915520
2024-10-22 16:04:51,990 - INFO - Processed game: Aim Master (app_id: 915540)
2024-10-22 16:04:53,130 - INFO - Processed game: Koropokkur in Love ~A Little Fairy’s Tale~ (app_id: 915560)
2024-10-22 16:04:54,332 - INFO - Processed game: Polygone (app_id: 915570)
2024-10-22 16:04:55,465 - INFO - Object is not a game: app_id: 915590
2024-10-22 16:04:56,599 - INFO - Object is not a game: app_id: 915591
2024-10-22 16:04:57,701 - INFO - Processed game: World's Greatest Cities Mosaics (app_id: 915610)
2024-10-22 16:04:58,929 - INFO - Object is not a game: app_id: 915630
2024-10-22 16:05:00,131 - INFO - Object is not a game: app_id: 915631
2024-10-22 16:05:01,331 - INFO - Processed game: Hold-Up (app_id: 915640)
2024-10-22 16:05:02,489 - INFO - Object is not a game: app_id: 915650
2024-10-22 16:05:03,643 - INFO - Object is not a game: app_id: 915652
2024-10-22 16:05:04,792 - INFO - Object is not a game: app_id: 915653
2024-10-22 16:05:05,931 - INFO - Object is not a game: app_id: 915660
2024-10-22 16:05:07,195 - INFO - Object is not a game: app_id: 915661
2024-10-22 16:05:08,298 - INFO - Processed game: Everreach: Project Eden (app_id: 915670)
2024-10-22 16:05:09,427 - INFO - Object is not a game: app_id: 915690
2024-10-22 16:05:10,542 - INFO - Processed game: Little Dragons Café (app_id: 915710)
2024-10-22 16:05:11,676 - INFO - Processed game: Session Seven (app_id: 915720)
2024-10-22 16:05:12,849 - INFO - Processed game: Catch The Kids: Priest Simulator Game (app_id: 915730)
2024-10-22 16:05:14,003 - INFO - Processed game: Aether Drift (app_id: 915760)
2024-10-22 16:05:15,188 - INFO - Processed game: People Cu3ed (app_id: 915770)
2024-10-22 16:05:16,376 - INFO - Processed game: Midnight Ghost Hunt (app_id: 915810)
2024-10-22 16:05:17,542 - INFO - Processed game: Amethlion (app_id: 915820)
2024-10-22 16:05:18,833 - INFO - Processed game: Super Hiking League DX (app_id: 915850)
2024-10-22 16:05:20,010 - INFO - Processed game: Zettavolt Trigger (app_id: 915860)
2024-10-22 16:05:21,252 - INFO - Processed game: The Ultra Code (app_id: 914950)
2024-10-22 16:05:22,408 - INFO - Object is not a game: app_id: 914970
2024-10-22 16:05:23,565 - INFO - Object is not a game: app_id: 914990
2024-10-22 16:05:24,716 - INFO - Object is not a game: app_id: 915000
2024-10-22 16:05:25,886 - INFO - Processed game: THE E BALL (app_id: 915020)
2024-10-22 16:05:27,025 - INFO - Object is not a game: app_id: 915050
2024-10-22 16:05:28,206 - INFO - Processed game: Dream Enders RPG (app_id: 915060)
2024-10-22 16:05:29,423 - WARNING - Failed to fetch details for app_id: 915070
2024-10-22 16:05:30,931 - INFO - Processed game: Sokoban: The RPG (app_id: 915080)
2024-10-22 16:05:32,141 - INFO - Object is not a game: app_id: 915090
2024-10-22 16:05:33,293 - INFO - Processed game: System Shock 2 (app_id: 915100)
2024-10-22 16:05:34,459 - INFO - Processed game: Koi Solitaire (app_id: 915120)
2024-10-22 16:05:35,601 - INFO - Processed game: \u4e1c\u65b9\u9f99\u9690\u8ac7 ~ Touhou Chaos of Black Loong (app_id: 915130)
2024-10-22 16:05:36,752 - INFO - Processed game: Anime Girl Or Boy? (app_id: 915160)
2024-10-22 16:05:37,891 - INFO - Object is not a game: app_id: 915170
2024-10-22 16:05:39,031 - INFO - Object is not a game: app_id: 915180
2024-10-22 16:05:40,442 - INFO - Processed game: Cartoony Cars 2 (app_id: 915190)
2024-10-22 16:05:41,613 - INFO - Processed game: Republique VR (app_id: 915200)
2024-10-22 16:05:42,843 - INFO - Object is not a game: app_id: 915210
2024-10-22 16:05:43,995 - INFO - Processed game: Zombie Rollerz: Pinball Heroes (app_id: 915230)
2024-10-22 16:05:45,368 - INFO - Object is not a game: app_id: 915250
2024-10-22 16:05:46,560 - INFO - Processed game: VocaBRAWLary (app_id: 915270)
2024-10-22 16:05:47,736 - INFO - Processed game: SNKRX (app_id: 915310)
2024-10-22 16:05:48,922 - INFO - Processed game: Pixel Strike 3D (app_id: 915320)
2024-10-22 16:05:50,323 - INFO - Processed game: Hentai Block Breaker (app_id: 915330)
2024-10-22 16:05:51,477 - INFO - Object is not a game: app_id: 915340
2024-10-22 16:05:52,830 - WARNING - Failed to fetch details for app_id: 915350
2024-10-22 16:05:54,035 - INFO - Processed game: Hexahedral Pathfinder (app_id: 915360)
2024-10-22 16:05:55,270 - INFO - Processed game: John Black: Memories (app_id: 915380)
2024-10-22 16:05:56,419 - INFO - Object is not a game: app_id: 915390
2024-10-22 16:05:57,540 - INFO - Processed game: TeleBlast (app_id: 915420)
2024-10-22 16:05:58,984 - INFO - Processed game: Triteckka: The pure shooter (app_id: 915430)
2024-10-22 16:06:00,170 - INFO - Processed game: Boom Bits (app_id: 914480)
2024-10-22 16:06:01,335 - INFO - Processed game: Boons Farm (app_id: 914500)
2024-10-22 16:06:02,498 - INFO - Object is not a game: app_id: 914540
2024-10-22 16:06:03,877 - INFO - Object is not a game: app_id: 914560
2024-10-22 16:06:05,083 - INFO - Object is not a game: app_id: 914570
2024-10-22 16:06:06,263 - INFO - Processed game: Surge (app_id: 914600)
2024-10-22 16:06:07,415 - INFO - Processed game: Mist Survival (app_id: 914620)
2024-10-22 16:06:08,739 - INFO - Processed game: Wolf: The Evolution Story (app_id: 914630)
2024-10-22 16:06:09,907 - INFO - Processed game: Crazy Alchemist (app_id: 914680)
2024-10-22 16:06:11,149 - INFO - Processed game: Hentai Shooter 3D (app_id: 914690)
2024-10-22 16:06:12,319 - INFO - Processed game: Cat Quest II (app_id: 914710)
2024-10-22 16:06:13,506 - INFO - Object is not a game: app_id: 914770
2024-10-22 16:06:15,065 - INFO - Object is not a game: app_id: 914780
2024-10-22 16:06:16,196 - INFO - Object is not a game: app_id: 914790
2024-10-22 16:06:17,327 - INFO - Processed game: Coffee Talk (app_id: 914800)
2024-10-22 16:06:18,543 - INFO - Object is not a game: app_id: 914810
2024-10-22 16:06:19,742 - INFO - Object is not a game: app_id: 914820
2024-10-22 16:06:20,926 - INFO - Object is not a game: app_id: 914830
2024-10-22 16:06:22,126 - INFO - Object is not a game: app_id: 914831
2024-10-22 16:06:23,299 - INFO - Object is not a game: app_id: 914840
2024-10-22 16:06:24,502 - INFO - Processed game: HENTAI PUZZLE (app_id: 914850)
2024-10-22 16:06:25,686 - INFO - Object is not a game: app_id: 914870
2024-10-22 16:06:26,858 - INFO - Processed game: Nine Noir Lives (app_id: 914890)
2024-10-22 16:06:28,029 - INFO - Processed game: Super Strawberry Man (app_id: 914900)
2024-10-22 16:06:29,287 - INFO - Processed game: Alcyon Infinity (app_id: 914930)
2024-10-22 16:06:30,534 - INFO - Processed game: Tiny Battle Simulator (app_id: 914000)
2024-10-22 16:06:31,696 - INFO - Processed game: Train Station Renovation (app_id: 914010)
2024-10-22 16:06:32,927 - INFO - Processed game: Gibbous -  A Cthulhu Adventure (app_id: 914020)
2024-10-22 16:06:34,075 - ERROR - Error while fetching data for app_id: 914050 - 'NoneType' object is not subscriptable
2024-10-22 16:06:34,076 - WARNING - Failed to fetch details for app_id: 914050
2024-10-22 16:06:35,200 - ERROR - Error while fetching data for app_id: 914060 - 'NoneType' object is not subscriptable
2024-10-22 16:06:35,201 - WARNING - Failed to fetch details for app_id: 914060
2024-10-22 16:06:36,429 - ERROR - Error while fetching data for app_id: 914070 - 'NoneType' object is not subscriptable
2024-10-22 16:06:36,429 - WARNING - Failed to fetch details for app_id: 914070
2024-10-22 16:06:37,664 - ERROR - Error while fetching data for app_id: 914080 - 'NoneType' object is not subscriptable
2024-10-22 16:06:37,665 - WARNING - Failed to fetch details for app_id: 914080
2024-10-22 16:06:38,798 - ERROR - Error while fetching data for app_id: 914090 - 'NoneType' object is not subscriptable
2024-10-22 16:06:38,798 - WARNING - Failed to fetch details for app_id: 914090
2024-10-22 16:06:39,958 - ERROR - Error while fetching data for app_id: 914120 - 'NoneType' object is not subscriptable
2024-10-22 16:06:39,959 - WARNING - Failed to fetch details for app_id: 914120
2024-10-22 16:06:41,098 - ERROR - Error while fetching data for app_id: 914130 - 'NoneType' object is not subscriptable
2024-10-22 16:06:41,099 - WARNING - Failed to fetch details for app_id: 914130
2024-10-22 16:06:42,279 - ERROR - Error while fetching data for app_id: 914140 - 'NoneType' object is not subscriptable
2024-10-22 16:06:42,279 - WARNING - Failed to fetch details for app_id: 914140
2024-10-22 16:06:43,419 - ERROR - Error while fetching data for app_id: 914160 - 'NoneType' object is not subscriptable
2024-10-22 16:06:43,420 - WARNING - Failed to fetch details for app_id: 914160
2024-10-22 16:06:44,624 - ERROR - Error while fetching data for app_id: 914170 - 'NoneType' object is not subscriptable
2024-10-22 16:06:44,625 - WARNING - Failed to fetch details for app_id: 914170
2024-10-22 16:06:45,753 - ERROR - Error while fetching data for app_id: 914180 - 'NoneType' object is not subscriptable
2024-10-22 16:06:45,753 - WARNING - Failed to fetch details for app_id: 914180
2024-10-22 16:06:46,947 - ERROR - Error while fetching data for app_id: 914190 - 'NoneType' object is not subscriptable
2024-10-22 16:06:46,947 - WARNING - Failed to fetch details for app_id: 914190
2024-10-22 16:06:48,115 - ERROR - Error while fetching data for app_id: 914200 - 'NoneType' object is not subscriptable
2024-10-22 16:06:48,116 - WARNING - Failed to fetch details for app_id: 914200
2024-10-22 16:06:48,390 - INFO - Stop requested. Finishing current iteration before exiting...
2024-10-22 16:06:48,817 - INFO - Stopping process after current iteration.
