2024-10-22 15:53:08,898 - INFO - Processed game: Metanormal (app_id: 923500)
2024-10-22 15:53:09,934 - INFO - Processed game: Cedar Junction (app_id: 923510)
2024-10-22 15:53:10,991 - INFO - Processed game: RIP (app_id: 923530)
2024-10-22 15:53:12,057 - INFO - Processed game: Pandas Die (app_id: 923540)
2024-10-22 15:53:13,099 - INFO - Processed game: Rescale (app_id: 923550)
2024-10-22 15:53:14,162 - INFO - Object is not a game: app_id: 923560
2024-10-22 15:53:15,217 - INFO - Processed game: Eternal Radiance (app_id: 923570)
2024-10-22 15:53:16,273 - INFO - Object is not a game: app_id: 923580
2024-10-22 15:53:17,391 - INFO - Processed game: Forebearers (app_id: 923590)
2024-10-22 15:53:18,449 - INFO - Object is not a game: app_id: 923600
2024-10-22 15:53:19,508 - WARNING - Failed to fetch details for app_id: 923610
2024-10-22 15:53:20,554 - WARNING - Failed to fetch details for app_id: 923620
2024-10-22 15:53:21,616 - INFO - Processed game: Burger Lord (app_id: 923630)
2024-10-22 15:53:22,653 - INFO - Object is not a game: app_id: 923640
2024-10-22 15:53:23,698 - INFO - Processed game: The Quest for Moe's (app_id: 923650)
2024-10-22 15:53:24,754 - INFO - Processed game: Super Shopper (app_id: 923670)
2024-10-22 15:53:25,794 - INFO - Processed game: Hacker.exe (app_id: 923690)
2024-10-22 15:53:26,847 - INFO - Processed game: uFactory (app_id: 923710)
2024-10-22 15:53:27,952 - INFO - Object is not a game: app_id: 923720
2024-10-22 15:53:29,030 - INFO - Processed game: Monster MIX (app_id: 923730)
2024-10-22 15:53:30,101 - INFO - Processed game: Industrial Infection! (app_id: 923750)
2024-10-22 15:53:31,146 - INFO - Processed game: Knights of Tartarus (app_id: 922920)
2024-10-22 15:53:32,294 - INFO - Object is not a game: app_id: 922940
2024-10-22 15:53:33,395 - INFO - Processed game: Drawgaem (app_id: 923000)
2024-10-22 15:53:34,461 - INFO - Processed game: Egg Hunt (app_id: 923010)
2024-10-22 15:53:35,549 - INFO - Processed game: Veilslash (app_id: 923020)
2024-10-22 15:53:36,602 - INFO - Processed game: Rocket Swords (app_id: 923030)
2024-10-22 15:53:37,722 - INFO - Processed game: Don't Touch Me : Zombie Survival (app_id: 923050)
2024-10-22 15:53:38,775 - INFO - Processed game: Angel and Devil,ninja,sushi,tempura,panda and the statue of liberty (app_id: 923080)
2024-10-22 15:53:39,830 - INFO - Processed game: Moduwar (app_id: 923100)
2024-10-22 15:53:40,932 - INFO - Processed game: Afterdays (app_id: 923110)
2024-10-22 15:53:41,978 - INFO - Processed game: Food Bomber (app_id: 923120)
2024-10-22 15:53:43,032 - INFO - Processed game: Plunder Squad (app_id: 923130)
2024-10-22 15:53:44,202 - INFO - Processed game: Elven Magic: The Witch, The Elf & The Fairy (app_id: 923140)
2024-10-22 15:53:45,286 - INFO - Object is not a game: app_id: 923151
2024-10-22 15:53:46,353 - INFO - Object is not a game: app_id: 923152
2024-10-22 15:53:47,431 - INFO - Object is not a game: app_id: 923220
2024-10-22 15:53:48,509 - INFO - Processed game: DreamBack VR (app_id: 923230)
2024-10-22 15:53:49,612 - INFO - Processed game: The Warrior Of Treasures 2: Skull Hunter (app_id: 923240)
2024-10-22 15:53:50,716 - INFO - Object is not a game: app_id: 923250
2024-10-22 15:53:51,793 - INFO - Processed game: Amazing VR - All The Movies (app_id: 922540)
2024-10-22 15:53:52,874 - INFO - Processed game: keyg: the last prison (app_id: 922550)
2024-10-22 15:53:53,974 - INFO - Object is not a game: app_id: 922580
2024-10-22 15:53:55,032 - INFO - Object is not a game: app_id: 922581
2024-10-22 15:53:56,140 - INFO - Processed game: Enter The Moon (app_id: 922590)
2024-10-22 15:53:57,184 - WARNING - Failed to fetch details for app_id: 922600
2024-10-22 15:53:58,273 - INFO - Processed game: Bipgolf (app_id: 922610)
2024-10-22 15:53:59,367 - INFO - Processed game: Kingshunt (app_id: 922620)
2024-10-22 15:54:00,453 - INFO - Processed game: Mortal Royale (app_id: 922630)
2024-10-22 15:54:01,565 - INFO - Processed game: Defense corp - Earth (app_id: 922640)
2024-10-22 15:54:02,630 - INFO - Processed game: Caveman Chuck (app_id: 922650)
2024-10-22 15:54:03,783 - INFO - Processed game: Hidden Animals: Photo Hunt - Worldwide Safari (app_id: 922700)
2024-10-22 15:54:04,888 - INFO - Processed game: Knightin'+ (app_id: 922710)
2024-10-22 15:54:05,966 - INFO - Object is not a game: app_id: 922740
2024-10-22 15:54:07,046 - INFO - Object is not a game: app_id: 922741
2024-10-22 15:54:08,124 - INFO - Object is not a game: app_id: 922750
2024-10-22 15:54:09,224 - INFO - Processed game: Girlfriend Experience VR (app_id: 922800)
2024-10-22 15:54:10,344 - INFO - Processed game: MeatPossible: Chapter 1.5 (app_id: 922810)
2024-10-22 15:54:11,430 - INFO - Processed game: Lotus Bloom (app_id: 922820)
2024-10-22 15:54:12,517 - INFO - Processed game: Final Hope (app_id: 922870)
2024-10-22 15:54:13,612 - INFO - Processed game: Siberian Dawn (app_id: 922880)
2024-10-22 15:54:14,709 - INFO - Processed game: Nauticrawl (app_id: 922100)
2024-10-22 15:54:15,799 - INFO - Processed game: Oh, you touch my balls ( \u0361° \u035c\u0296 \u0361°) (app_id: 922140)
2024-10-22 15:54:16,880 - INFO - Processed game: Ink Plane (app_id: 922150)
2024-10-22 15:54:17,960 - INFO - Object is not a game: app_id: 922160
2024-10-22 15:54:19,074 - INFO - Processed game: The True Slime King (app_id: 922170)
2024-10-22 15:54:20,212 - INFO - Object is not a game: app_id: 922200
2024-10-22 15:54:21,299 - INFO - Processed game: Khospis (app_id: 922220)
2024-10-22 15:54:22,470 - INFO - Object is not a game: app_id: 922230
2024-10-22 15:54:23,542 - INFO - Object is not a game: app_id: 922260
2024-10-22 15:54:24,616 - INFO - Object is not a game: app_id: 922280
2024-10-22 15:54:25,737 - INFO - Processed game: Flappy Flappy VR (app_id: 922290)
2024-10-22 15:54:26,816 - INFO - Object is not a game: app_id: 922300
2024-10-22 15:54:27,920 - INFO - Object is not a game: app_id: 922310
2024-10-22 15:54:29,064 - INFO - Object is not a game: app_id: 922311
2024-10-22 15:54:30,258 - INFO - Object is not a game: app_id: 922312
2024-10-22 15:54:31,327 - INFO - Object is not a game: app_id: 922313
2024-10-22 15:54:32,412 - INFO - Processed game: Sniper 3D Assassin: Free to Play (app_id: 922320)
2024-10-22 15:54:33,559 - INFO - Processed game: DX-Ball 2: 20th Anniversary Edition (app_id: 922400)
2024-10-22 15:54:34,707 - INFO - Processed game: DinoKnights (app_id: 922410)
2024-10-22 15:54:35,802 - INFO - Object is not a game: app_id: 922420
2024-10-22 15:54:36,913 - INFO - Object is not a game: app_id: 922430
2024-10-22 15:54:37,989 - INFO - Processed game: 4X-Galaxy \u65e0\u4e3b\u4e4b\u5730\uff1a\u94f6\u6cb3 (app_id: 922450)
2024-10-22 15:54:39,123 - INFO - Processed game: Cheeky Chooks (app_id: 922460)
2024-10-22 15:54:40,244 - INFO - Processed game: Space Mayhem (app_id: 922470)
2024-10-22 15:54:41,361 - INFO - Processed game: Auto Battle Royale (app_id: 922480)
2024-10-22 15:54:42,476 - INFO - Processed game: Max Mustard (app_id: 922490)
2024-10-22 15:54:43,589 - INFO - Processed game: KILL la KILL -IF (app_id: 922500)
2024-10-22 15:54:44,689 - INFO - Processed game: Jellyfish the Ghost (app_id: 922510)
2024-10-22 15:54:45,773 - INFO - Processed game: Blood City (app_id: 922520)
2024-10-22 15:54:46,877 - INFO - Processed game: Bestiary of Sigillum (app_id: 922530)
2024-10-22 15:54:47,942 - WARNING - Failed to fetch details for app_id: 921550
2024-10-22 15:54:49,016 - INFO - Processed game: OCTOPATH TRAVELER™ (app_id: 921570)
2024-10-22 15:54:50,269 - INFO - Processed game: DISSIDIA FINAL FANTASY NT Free Edition (app_id: 921590)
2024-10-22 15:54:51,357 - INFO - Object is not a game: app_id: 921610
2024-10-22 15:54:52,465 - INFO - Object is not a game: app_id: 921620
2024-10-22 15:54:53,548 - INFO - Object is not a game: app_id: 921650
2024-10-22 15:54:54,631 - INFO - Processed game: Quirky Crystal RPG (app_id: 921660)
2024-10-22 15:54:55,786 - INFO - Processed game: William and the Lands of Rage (app_id: 921670)
2024-10-22 15:54:56,872 - INFO - Object is not a game: app_id: 921680
2024-10-22 15:54:57,998 - INFO - Processed game: O2Jam x DancingParty (app_id: 921690)
2024-10-22 15:54:59,239 - INFO - Processed game: Crashphalt (app_id: 921700)
2024-10-22 15:55:00,325 - INFO - Processed game: Galaxy Squad (app_id: 921710)
2024-10-22 15:55:01,443 - INFO - Processed game: Frog Out! (app_id: 921720)
2024-10-22 15:55:02,554 - INFO - Processed game: Abberbury (app_id: 921730)
2024-10-22 15:55:03,689 - INFO - Processed game: Shahrzad - The Storyteller (app_id: 921740)
2024-10-22 15:55:04,834 - INFO - Processed game: Sikanda (app_id: 921760)
2024-10-22 15:55:05,948 - INFO - Processed game: HANZ! (app_id: 921770)
2024-10-22 15:55:07,073 - INFO - Processed game: The Dark Occult (app_id: 921780)
2024-10-22 15:55:08,189 - INFO - Processed game: Shooting Champion VR (app_id: 921790)
2024-10-22 15:55:09,402 - INFO - Processed game: Encased: A Sci-Fi Post-Apocalyptic RPG (app_id: 921800)
2024-10-22 15:55:10,524 - INFO - Object is not a game: app_id: 921830
2024-10-22 15:55:11,667 - INFO - Processed game: Sabreurs - A Noble Duel (app_id: 921840)
2024-10-22 15:55:12,808 - INFO - Processed game: Jar Sam (app_id: 921850)
2024-10-22 15:55:13,906 - INFO - Object is not a game: app_id: 921870
2024-10-22 15:55:15,030 - INFO - Processed game: Retro Rockets (app_id: 921890)
2024-10-22 15:55:16,145 - INFO - Processed game: My Burning Heart (app_id: 921900)
2024-10-22 15:55:17,331 - INFO - Processed game: Robikon (app_id: 921920)
2024-10-22 15:55:18,458 - INFO - Object is not a game: app_id: 921950
2024-10-22 15:55:19,625 - INFO - Processed game: Koliseum Soccer VR (app_id: 921960)
2024-10-22 15:55:20,793 - INFO - Processed game: Liberty Prime (app_id: 921970)
2024-10-22 15:55:21,912 - INFO - Processed game: Beyond The Veil (app_id: 922020)
2024-10-22 15:55:23,091 - INFO - Processed game: Hamsterdam (app_id: 922040)
2024-10-22 15:55:24,204 - INFO - Processed game: Ball run and rush (app_id: 922060)
2024-10-22 15:55:25,402 - INFO - Processed game: \u6b66\u6797\u5fd7\uff08Wushu Chronicles\uff09 (app_id: 921390)
2024-10-22 15:55:26,533 - INFO - Object is not a game: app_id: 921410
2024-10-22 15:55:27,679 - INFO - Processed game: Kingpin Royale (app_id: 921420)
2024-10-22 15:55:28,806 - INFO - Processed game: Genius! NAZI-GIRL GoePPels-Chan ep1 (app_id: 921430)
2024-10-22 15:55:29,958 - INFO - Processed game: King Randall's Party (app_id: 921450)
2024-10-22 15:55:31,063 - INFO - Object is not a game: app_id: 921460
2024-10-22 15:55:32,186 - INFO - Object is not a game: app_id: 921480
2024-10-22 15:55:33,277 - INFO - Object is not a game: app_id: 921481
2024-10-22 15:55:34,481 - INFO - Object is not a game: app_id: 921482
2024-10-22 15:55:35,620 - INFO - Object is not a game: app_id: 921483
2024-10-22 15:55:36,710 - WARNING - Failed to fetch details for app_id: 921484
2024-10-22 15:55:37,848 - WARNING - Failed to fetch details for app_id: 921485
2024-10-22 15:55:38,949 - WARNING - Failed to fetch details for app_id: 921486
2024-10-22 15:55:40,063 - INFO - Object is not a game: app_id: 921487
2024-10-22 15:55:41,348 - INFO - Object is not a game: app_id: 921488
2024-10-22 15:55:42,490 - INFO - Object is not a game: app_id: 921489
2024-10-22 15:55:43,598 - INFO - Processed game: Jack Is Missing (app_id: 921500)
2024-10-22 15:55:44,776 - INFO - Processed game: Puppy Chef Academy (app_id: 921520)
2024-10-22 15:55:45,933 - INFO - Processed game: Demon King Domination: Deluxe Edition (app_id: 921530)
2024-10-22 15:55:47,062 - INFO - Object is not a game: app_id: 921540
2024-10-22 15:55:48,176 - INFO - Object is not a game: app_id: 921541
2024-10-22 15:55:49,297 - INFO - Object is not a game: app_id: 921542
2024-10-22 15:55:50,411 - INFO - Object is not a game: app_id: 921543
2024-10-22 15:55:51,523 - INFO - Object is not a game: app_id: 920960
2024-10-22 15:55:52,757 - INFO - Object is not a game: app_id: 921010
2024-10-22 15:55:53,865 - INFO - Processed game: Jar Battlers (app_id: 921050)
2024-10-22 15:55:55,011 - INFO - Processed game: Where Humans Shouldn't Go (app_id: 921090)
2024-10-22 15:55:56,124 - INFO - Object is not a game: app_id: 920560
2024-10-22 15:55:57,232 - INFO - Object is not a game: app_id: 920561
2024-10-22 15:55:58,369 - INFO - Object is not a game: app_id: 920562
2024-10-22 15:55:59,472 - INFO - Object is not a game: app_id: 920563
2024-10-22 15:56:00,567 - INFO - Object is not a game: app_id: 920564
2024-10-22 15:56:01,686 - INFO - Object is not a game: app_id: 920567
2024-10-22 15:56:02,858 - INFO - Object is not a game: app_id: 920568
2024-10-22 15:56:04,006 - INFO - Object is not a game: app_id: 920571
2024-10-22 15:56:05,216 - INFO - Processed game: Tanks With Hands: Armed and Treaded (app_id: 920580)
2024-10-22 15:56:06,443 - WARNING - Failed to fetch details for app_id: 920590
2024-10-22 15:56:07,580 - WARNING - Failed to fetch details for app_id: 920591
2024-10-22 15:56:08,784 - WARNING - Failed to fetch details for app_id: 920592
2024-10-22 15:56:09,911 - WARNING - Failed to fetch details for app_id: 920593
2024-10-22 15:56:11,018 - WARNING - Failed to fetch details for app_id: 920594
2024-10-22 15:56:12,143 - WARNING - Failed to fetch details for app_id: 920595
2024-10-22 15:56:13,286 - WARNING - Failed to fetch details for app_id: 920596
2024-10-22 15:56:14,457 - WARNING - Failed to fetch details for app_id: 920597
2024-10-22 15:56:15,547 - WARNING - Failed to fetch details for app_id: 920598
2024-10-22 15:56:16,659 - WARNING - Failed to fetch details for app_id: 920601
2024-10-22 15:56:17,808 - INFO - Processed game: Ghosting Gun S (app_id: 920620)
2024-10-22 15:56:19,044 - INFO - Object is not a game: app_id: 920630
2024-10-22 15:56:20,229 - INFO - Processed game: Emitters - Drone Invasions (app_id: 920640)
2024-10-22 15:56:21,397 - INFO - Object is not a game: app_id: 920650
2024-10-22 15:56:22,535 - INFO - Processed game: Fate Hunters (app_id: 920680)
2024-10-22 15:56:23,694 - INFO - Processed game: CardLife: Creative Survival (app_id: 920690)
2024-10-22 15:56:24,910 - INFO - Processed game: Burndown (app_id: 920710)
2024-10-22 15:56:26,105 - INFO - Object is not a game: app_id: 920730
2024-10-22 15:56:27,241 - INFO - Processed game: Santa's Story of Christmas (app_id: 920770)
2024-10-22 15:56:28,420 - INFO - Processed game: Safe (app_id: 920780)
2024-10-22 15:56:29,579 - INFO - Processed game: Lab.Gen. (app_id: 920800)
2024-10-22 15:56:30,789 - INFO - Processed game: Skater Cally (app_id: 920820)
2024-10-22 15:56:31,954 - INFO - Object is not a game: app_id: 920840
2024-10-22 15:56:33,087 - INFO - Processed game: Escape The Labyrinth (app_id: 920450)
2024-10-22 15:56:34,236 - INFO - Processed game: Hentai Space (app_id: 920460)
2024-10-22 15:56:35,390 - INFO - Processed game: Dissolution (app_id: 920470)
2024-10-22 15:56:36,516 - INFO - Processed game: Driver Booster for Steam (app_id: 920490)
2024-10-22 15:56:37,669 - INFO - Processed game: Construction Charlie (app_id: 920500)
2024-10-22 15:56:38,897 - INFO - Processed game: Leisure Town (app_id: 920510)
2024-10-22 15:56:40,059 - INFO - Processed game: Sexy Jigsaw | \u6027\u611f\u62fc\u56fe | \uc139\uc2dc \ud37c\uc990 | \u30bb\u30af\u30b7\u30fc\u306a\u30d1\u30ba\u30eb (app_id: 920520)
2024-10-22 15:56:41,185 - INFO - Object is not a game: app_id: 920530
2024-10-22 15:56:42,342 - INFO - Processed game: Monster Pub (app_id: 920280)
2024-10-22 15:56:43,492 - INFO - Processed game: Virgo Versus The Zodiac (app_id: 920320)
2024-10-22 15:56:44,692 - INFO - Processed game: Greetings (app_id: 920190)
2024-10-22 15:56:45,826 - INFO - Processed game: Artificial Mansion (app_id: 920200)
2024-10-22 15:56:47,004 - INFO - Processed game: Navyblue and the Spectrum Killers (app_id: 919890)
2024-10-22 15:56:48,158 - INFO - Object is not a game: app_id: 919720
2024-10-22 15:56:49,290 - INFO - Processed game: Project Z (app_id: 919730)
2024-10-22 15:56:50,448 - INFO - Object is not a game: app_id: 919740
2024-10-22 15:56:51,673 - INFO - Object is not a game: app_id: 919770
2024-10-22 15:56:52,875 - INFO - Processed game: The Ball Encounter (app_id: 919610)
2024-10-22 15:56:54,097 - INFO - Processed game: Steel Division 2 (app_id: 919640)
2024-10-22 15:56:55,304 - WARNING - Failed to fetch details for app_id: 919670
2024-10-22 15:56:56,431 - INFO - Object is not a game: app_id: 919680
2024-10-22 15:56:57,571 - INFO - Processed game: Click and Manage Tycoon (app_id: 919690)
2024-10-22 15:56:58,731 - INFO - Object is not a game: app_id: 919700
2024-10-22 15:56:59,890 - INFO - Processed game: A Sun Of Salt (app_id: 919150)
2024-10-22 15:57:01,098 - INFO - Processed game: Submerged: VR Escape the Room (app_id: 919160)
2024-10-22 15:57:02,265 - INFO - Processed game: Dude Cops (app_id: 919170)
2024-10-22 15:57:03,434 - INFO - Object is not a game: app_id: 919180
2024-10-22 15:57:04,665 - INFO - Processed game: Cube Full of Mines (app_id: 919190)
2024-10-22 15:57:05,852 - INFO - Processed game: Special Warfare - \u7279\u6218\u4e4b\u738b (app_id: 919200)
2024-10-22 15:57:06,979 - WARNING - Failed to fetch details for app_id: 919210
2024-10-22 15:57:08,133 - INFO - Processed game: Destiny or Fate (app_id: 919220)
2024-10-22 15:57:09,350 - INFO - Object is not a game: app_id: 919230
2024-10-22 15:57:10,544 - INFO - Processed game: HappyBlock (app_id: 919240)
2024-10-22 15:57:11,755 - INFO - Processed game: Sailing Wizard (app_id: 919250)
2024-10-22 15:57:12,958 - INFO - Processed game: Final Upgrade (app_id: 919260)
2024-10-22 15:57:14,161 - INFO - Processed game: MovieMator Video Editor Pro - Movie Maker, Video Editing Software (app_id: 919280)
2024-10-22 15:57:15,302 - INFO - Processed game: Nebula Realms (app_id: 919290)
2024-10-22 15:57:16,431 - WARNING - Failed to fetch details for app_id: 919310
2024-10-22 15:57:17,563 - INFO - Processed game: Touch Down Football Solitaire (app_id: 919320)
2024-10-22 15:57:18,749 - INFO - Processed game: Ghost in the pool (app_id: 919330)
2024-10-22 15:57:19,892 - INFO - Object is not a game: app_id: 919340
2024-10-22 15:57:21,064 - INFO - Processed game: Alaloth: Champions of The Four Kingdoms (app_id: 919360)
2024-10-22 15:57:22,250 - INFO - Processed game: Overdungeon (app_id: 919370)
2024-10-22 15:57:23,389 - INFO - Object is not a game: app_id: 919390
2024-10-22 15:57:24,612 - INFO - Processed game: MOTION (app_id: 919400)
2024-10-22 15:57:25,818 - INFO - Processed game: Felix The Reaper (app_id: 919410)
2024-10-22 15:57:26,999 - INFO - Object is not a game: app_id: 919420
2024-10-22 15:57:28,190 - INFO - Processed game: \u95c7\u884c\u8005 Dark Xingzer (app_id: 919440)
2024-10-22 15:57:29,356 - INFO - Object is not a game: app_id: 919450
2024-10-22 15:57:30,545 - INFO - Object is not a game: app_id: 919520
2024-10-22 15:57:31,724 - INFO - Processed game: WARBORN (app_id: 918950)
2024-10-22 15:57:33,752 - INFO - Object is not a game: app_id: 918970
2024-10-22 15:57:34,921 - INFO - Processed game: Soul Rebellion (app_id: 918980)
2024-10-22 15:57:36,092 - INFO - Processed game: Gladio (app_id: 918990)
2024-10-22 15:57:37,274 - INFO - Object is not a game: app_id: 919000
2024-10-22 15:57:38,433 - INFO - Processed game: REVN (app_id: 919010)
2024-10-22 15:57:39,631 - INFO - Processed game: Skywriter (app_id: 919040)
2024-10-22 15:57:40,841 - INFO - Object is not a game: app_id: 919050
2024-10-22 15:57:41,995 - INFO - Object is not a game: app_id: 919051
2024-10-22 15:57:43,142 - INFO - Object is not a game: app_id: 918490
2024-10-22 15:57:44,301 - INFO - Processed game: Fish Duel (app_id: 918500)
2024-10-22 15:57:45,506 - INFO - Processed game: Don't Kill Her (app_id: 918520)
2024-10-22 15:57:46,682 - INFO - Processed game: The Dark Room (app_id: 918530)
2024-10-22 15:57:47,827 - INFO - Object is not a game: app_id: 918540
2024-10-22 15:57:49,024 - INFO - Processed game: From Darkness (app_id: 918550)
2024-10-22 15:57:50,206 - INFO - Processed game: When Silence Fell (app_id: 918600)
2024-10-22 15:57:51,437 - INFO - Processed game: NearEscape (app_id: 918610)
2024-10-22 15:57:52,686 - INFO - Processed game: Warships 3D (app_id: 918620)
2024-10-22 15:57:53,844 - WARNING - Failed to fetch details for app_id: 918640
2024-10-22 15:57:55,020 - WARNING - Failed to fetch details for app_id: 918650
2024-10-22 15:57:56,209 - WARNING - Failed to fetch details for app_id: 918660
2024-10-22 15:57:57,388 - INFO - Processed game: Jewel Match Twilight Solitaire (app_id: 918670)
2024-10-22 15:57:58,558 - INFO - Processed game: Survival Ball (app_id: 918690)
2024-10-22 15:57:59,712 - INFO - Processed game: Star99 (app_id: 918700)
2024-10-22 15:58:00,862 - WARNING - Failed to fetch details for app_id: 918710
2024-10-22 15:58:02,014 - INFO - Processed game: Help Me Escape! The Puzzle Maker's Office (app_id: 918720)
2024-10-22 15:58:03,209 - INFO - Processed game: Flat Trip (app_id: 918740)
2024-10-22 15:58:04,438 - INFO - Object is not a game: app_id: 918760
2024-10-22 15:58:05,647 - INFO - Object is not a game: app_id: 918770
2024-10-22 15:58:06,830 - INFO - Processed game: Sector Sweep (app_id: 918780)
2024-10-22 15:58:08,025 - INFO - Object is not a game: app_id: 918792
2024-10-22 15:58:09,211 - INFO - Object is not a game: app_id: 918793
2024-10-22 15:58:10,406 - INFO - Object is not a game: app_id: 918794
2024-10-22 15:58:11,612 - INFO - Object is not a game: app_id: 918795
2024-10-22 15:58:12,792 - INFO - Object is not a game: app_id: 918800
2024-10-22 15:58:13,997 - INFO - Object is not a game: app_id: 918810
2024-10-22 15:58:15,204 - INFO - Processed game: Headliner: NoviNews (app_id: 918820)
2024-10-22 15:58:16,441 - INFO - Object is not a game: app_id: 918830
2024-10-22 15:58:17,673 - INFO - Processed game: SPITE (app_id: 918850)
2024-10-22 15:58:18,917 - INFO - Processed game: Girls Dance VR (app_id: 918900)
2024-10-22 15:58:20,114 - INFO - Processed game: Curiosity (app_id: 918170)
2024-10-22 15:58:21,367 - INFO - Processed game: Test your knowledge: Cats (app_id: 918180)
2024-10-22 15:58:22,641 - INFO - Processed game: Zoroastra (app_id: 918190)
2024-10-22 15:58:23,834 - INFO - Processed game: Iron Ascension (app_id: 918200)
2024-10-22 15:58:25,102 - INFO - Object is not a game: app_id: 918210
2024-10-22 15:58:26,325 - INFO - Processed game: Pachansky Mathematics 2+2=8 (app_id: 918260)
2024-10-22 15:58:27,688 - INFO - Object is not a game: app_id: 918270
2024-10-22 15:58:28,881 - INFO - Object is not a game: app_id: 918290
2024-10-22 15:58:30,078 - INFO - Processed game: TailzFromTheGrave (app_id: 918300)
2024-10-22 15:58:31,287 - INFO - Processed game: Swords with spice (app_id: 918320)
2024-10-22 15:58:32,585 - INFO - Object is not a game: app_id: 918360
2024-10-22 15:58:33,749 - INFO - Processed game: Choice of Magics (app_id: 918380)
2024-10-22 15:58:34,917 - INFO - Object is not a game: app_id: 918390
2024-10-22 15:58:36,127 - INFO - Object is not a game: app_id: 918400
2024-10-22 15:58:37,312 - INFO - Object is not a game: app_id: 918410
2024-10-22 15:58:38,516 - INFO - Object is not a game: app_id: 918420
2024-10-22 15:58:39,711 - INFO - Processed game: Second Second (app_id: 918430)
2024-10-22 15:58:40,891 - INFO - Processed game: SHEEP SLING (app_id: 918440)
2024-10-22 15:58:42,099 - INFO - Processed game: Dumb Little Creatures (app_id: 918450)
2024-10-22 15:58:43,310 - INFO - Object is not a game: app_id: 918460
2024-10-22 15:58:44,497 - INFO - Object is not a game: app_id: 918470
2024-10-22 15:58:45,800 - INFO - Processed game: Project GR-5LYR: Galactic Relocation (app_id: 918480)
2024-10-22 15:58:47,087 - INFO - Processed game: one night, hot springs (app_id: 917680)
2024-10-22 15:58:48,370 - INFO - Processed game: VANILLA - GARDEN OF JUDGEMENT (app_id: 917690)
2024-10-22 15:58:49,614 - INFO - Processed game: Decisions (app_id: 917710)
2024-10-22 15:58:50,800 - INFO - Processed game: Gamedec - Definitive Edition (app_id: 917720)
2024-10-22 15:58:52,020 - INFO - Processed game: Mandy's Room (app_id: 917740)
2024-10-22 15:58:53,329 - INFO - Processed game: Survivor in Summer (app_id: 917760)
2024-10-22 15:58:54,555 - INFO - Processed game: Mystery House -fivestones- (app_id: 917770)
2024-10-22 15:58:55,746 - INFO - Object is not a game: app_id: 917780
2024-10-22 15:58:56,980 - INFO - Processed game: JOYDOOR (app_id: 917800)
2024-10-22 15:58:58,205 - INFO - Processed game: Beast Modon (app_id: 917810)
2024-10-22 15:58:59,467 - INFO - Processed game: Fairtravel Battle (app_id: 917820)
2024-10-22 15:59:00,674 - INFO - Processed game: Anima (app_id: 917830)
2024-10-22 15:59:01,892 - INFO - Processed game: Wintermoor Tactics Club (app_id: 917840)
2024-10-22 15:59:03,150 - INFO - Processed game: Elemental War - A Tower Defense Game (app_id: 917850)
2024-10-22 15:59:04,368 - INFO - Processed game: Gauge Of Rage (app_id: 917870)
2024-10-22 15:59:05,652 - INFO - Processed game: Misfit (app_id: 917880)
2024-10-22 15:59:06,870 - INFO - Object is not a game: app_id: 917890
2024-10-22 15:59:08,137 - INFO - Processed game: Monster Logic (app_id: 917900)
2024-10-22 15:59:09,375 - INFO - Processed game: Lucid Path (app_id: 917910)
2024-10-22 15:59:10,680 - INFO - Processed game: The Other Half (app_id: 917920)
2024-10-22 15:59:11,925 - INFO - Object is not a game: app_id: 917930
2024-10-22 15:59:13,171 - INFO - Processed game: LEMURIA (app_id: 917940)
2024-10-22 15:59:14,393 - INFO - Object is not a game: app_id: 917970
2024-10-22 15:59:15,652 - INFO - Processed game: Starboost EX (app_id: 917990)
2024-10-22 15:59:16,888 - INFO - Processed game: TenMinions (app_id: 918000)
2024-10-22 15:59:18,120 - INFO - Processed game: Obstruction : VR (app_id: 918060)
2024-10-22 15:59:19,383 - INFO - Processed game: JQ: Beautiful Japan (app_id: 918070)
2024-10-22 15:59:20,638 - INFO - Processed game: Evolo.Evolution (app_id: 918080)
2024-10-22 15:59:21,972 - INFO - Processed game: Space Cowboy (app_id: 918100)
2024-10-22 15:59:23,263 - INFO - Processed game: Animus - Stand Alone (app_id: 918110)
2024-10-22 15:59:24,481 - INFO - Processed game: Smogpunk \u6e6e\u973e\u4e4b\u5730 (app_id: 918160)
